<?xml version="1.0" encoding="UTF-8"?>
<testsuite xmlns:xsi="http://www.w3.org/2001/XMLSchema-instance" xsi:noNamespaceSchemaLocation="https://maven.apache.org/surefire/maven-surefire-plugin/xsd/surefire-test-report.xsd" name="sensyne.sensyneTest" time="5.763" tests="1" errors="0" skipped="0" failures="1">
  <properties>
    <property name="sun.desktop" value="windows"/>
    <property name="awt.toolkit" value="sun.awt.windows.WToolkit"/>
    <property name="java.specification.version" value="11"/>
    <property name="sun.cpu.isalist" value="amd64"/>
    <property name="sun.jnu.encoding" value="Cp1252"/>
    <property name="java.class.path" value="C:\ApiTest\myApitest\target\test-classes;C:\ApiTest\myApitest\target\classes;C:\Users\kumar\.m2\repository\com\intuit\karate\karate-junit5\1.1.0\karate-junit5-1.1.0.jar;C:\Users\kumar\.m2\repository\com\intuit\karate\karate-core\1.1.0\karate-core-1.1.0.jar;C:\Users\kumar\.m2\repository\org\graalvm\js\js-scriptengine\21.2.0\js-scriptengine-21.2.0.jar;C:\Users\kumar\.m2\repository\org\graalvm\sdk\graal-sdk\21.2.0\graal-sdk-21.2.0.jar;C:\Users\kumar\.m2\repository\org\graalvm\js\js\21.2.0\js-21.2.0.jar;C:\Users\kumar\.m2\repository\org\graalvm\regex\regex\21.2.0\regex-21.2.0.jar;C:\Users\kumar\.m2\repository\org\graalvm\truffle\truffle-api\21.2.0\truffle-api-21.2.0.jar;C:\Users\kumar\.m2\repository\com\ibm\icu\icu4j\69.1\icu4j-69.1.jar;C:\Users\kumar\.m2\repository\ch\qos\logback\logback-classic\1.2.3\logback-classic-1.2.3.jar;C:\Users\kumar\.m2\repository\ch\qos\logback\logback-core\1.2.3\logback-core-1.2.3.jar;C:\Users\kumar\.m2\repository\org\slf4j\slf4j-api\1.7.25\slf4j-api-1.7.25.jar;C:\Users\kumar\.m2\repository\org\slf4j\jcl-over-slf4j\1.7.25\jcl-over-slf4j-1.7.25.jar;C:\Users\kumar\.m2\repository\com\jayway\jsonpath\json-path\2.6.0\json-path-2.6.0.jar;C:\Users\kumar\.m2\repository\net\minidev\json-smart\2.4.7\json-smart-2.4.7.jar;C:\Users\kumar\.m2\repository\net\minidev\accessors-smart\2.4.7\accessors-smart-2.4.7.jar;C:\Users\kumar\.m2\repository\org\ow2\asm\asm\9.1\asm-9.1.jar;C:\Users\kumar\.m2\repository\info\cukes\cucumber-java\1.2.5\cucumber-java-1.2.5.jar;C:\Users\kumar\.m2\repository\info\cukes\cucumber-core\1.2.5\cucumber-core-1.2.5.jar;C:\Users\kumar\.m2\repository\org\yaml\snakeyaml\1.29\snakeyaml-1.29.jar;C:\Users\kumar\.m2\repository\de\siegmar\fastcsv\2.0.0\fastcsv-2.0.0.jar;C:\Users\kumar\.m2\repository\info\picocli\picocli\4.6.1\picocli-4.6.1.jar;C:\Users\kumar\.m2\repository\org\junit\jupiter\junit-jupiter-api\5.7.2\junit-jupiter-api-5.7.2.jar;C:\Users\kumar\.m2\repository\org\apiguardian\apiguardian-api\1.1.0\apiguardian-api-1.1.0.jar;C:\Users\kumar\.m2\repository\org\opentest4j\opentest4j\1.2.0\opentest4j-1.2.0.jar;C:\Users\kumar\.m2\repository\org\junit\platform\junit-platform-commons\1.7.2\junit-platform-commons-1.7.2.jar;C:\Users\kumar\.m2\repository\org\junit\jupiter\junit-jupiter-engine\5.7.2\junit-jupiter-engine-5.7.2.jar;C:\Users\kumar\.m2\repository\org\junit\platform\junit-platform-engine\1.7.2\junit-platform-engine-1.7.2.jar;"/>
    <property name="java.vm.vendor" value="Oracle Corporation"/>
    <property name="sun.arch.data.model" value="64"/>
    <property name="user.variant" value=""/>
    <property name="java.vendor.url" value="https://openjdk.java.net/"/>
    <property name="user.timezone" value="Europe/London"/>
    <property name="java.vm.specification.version" value="11"/>
    <property name="os.name" value="Windows 10"/>
    <property name="sun.java.launcher" value="SUN_STANDARD"/>
    <property name="user.country" value="GB"/>
    <property name="sun.boot.library.path" value="C:\Program Files\Java\jdk-11.0.8\bin"/>
    <property name="sun.java.command" value="C:\Users\kumar\AppData\Local\Temp\surefire10229304086024397101\surefirebooter15235904326004801147.jar C:\Users\kumar\AppData\Local\Temp\surefire10229304086024397101 2021-10-24T16-22-20_510-jvmRun1 surefire7818912602158777105tmp surefire_03362159559121175751tmp"/>
    <property name="jdk.debug" value="release"/>
    <property name="surefire.test.class.path" value="C:\ApiTest\myApitest\target\test-classes;C:\ApiTest\myApitest\target\classes;C:\Users\kumar\.m2\repository\com\intuit\karate\karate-junit5\1.1.0\karate-junit5-1.1.0.jar;C:\Users\kumar\.m2\repository\com\intuit\karate\karate-core\1.1.0\karate-core-1.1.0.jar;C:\Users\kumar\.m2\repository\org\graalvm\js\js-scriptengine\21.2.0\js-scriptengine-21.2.0.jar;C:\Users\kumar\.m2\repository\org\graalvm\sdk\graal-sdk\21.2.0\graal-sdk-21.2.0.jar;C:\Users\kumar\.m2\repository\org\graalvm\js\js\21.2.0\js-21.2.0.jar;C:\Users\kumar\.m2\repository\org\graalvm\regex\regex\21.2.0\regex-21.2.0.jar;C:\Users\kumar\.m2\repository\org\graalvm\truffle\truffle-api\21.2.0\truffle-api-21.2.0.jar;C:\Users\kumar\.m2\repository\com\ibm\icu\icu4j\69.1\icu4j-69.1.jar;C:\Users\kumar\.m2\repository\ch\qos\logback\logback-classic\1.2.3\logback-classic-1.2.3.jar;C:\Users\kumar\.m2\repository\ch\qos\logback\logback-core\1.2.3\logback-core-1.2.3.jar;C:\Users\kumar\.m2\repository\org\slf4j\slf4j-api\1.7.25\slf4j-api-1.7.25.jar;C:\Users\kumar\.m2\repository\org\slf4j\jcl-over-slf4j\1.7.25\jcl-over-slf4j-1.7.25.jar;C:\Users\kumar\.m2\repository\com\jayway\jsonpath\json-path\2.6.0\json-path-2.6.0.jar;C:\Users\kumar\.m2\repository\net\minidev\json-smart\2.4.7\json-smart-2.4.7.jar;C:\Users\kumar\.m2\repository\net\minidev\accessors-smart\2.4.7\accessors-smart-2.4.7.jar;C:\Users\kumar\.m2\repository\org\ow2\asm\asm\9.1\asm-9.1.jar;C:\Users\kumar\.m2\repository\info\cukes\cucumber-java\1.2.5\cucumber-java-1.2.5.jar;C:\Users\kumar\.m2\repository\info\cukes\cucumber-core\1.2.5\cucumber-core-1.2.5.jar;C:\Users\kumar\.m2\repository\org\yaml\snakeyaml\1.29\snakeyaml-1.29.jar;C:\Users\kumar\.m2\repository\de\siegmar\fastcsv\2.0.0\fastcsv-2.0.0.jar;C:\Users\kumar\.m2\repository\info\picocli\picocli\4.6.1\picocli-4.6.1.jar;C:\Users\kumar\.m2\repository\org\junit\jupiter\junit-jupiter-api\5.7.2\junit-jupiter-api-5.7.2.jar;C:\Users\kumar\.m2\repository\org\apiguardian\apiguardian-api\1.1.0\apiguardian-api-1.1.0.jar;C:\Users\kumar\.m2\repository\org\opentest4j\opentest4j\1.2.0\opentest4j-1.2.0.jar;C:\Users\kumar\.m2\repository\org\junit\platform\junit-platform-commons\1.7.2\junit-platform-commons-1.7.2.jar;C:\Users\kumar\.m2\repository\org\junit\jupiter\junit-jupiter-engine\5.7.2\junit-jupiter-engine-5.7.2.jar;C:\Users\kumar\.m2\repository\org\junit\platform\junit-platform-engine\1.7.2\junit-platform-engine-1.7.2.jar;"/>
    <property name="sun.cpu.endian" value="little"/>
    <property name="user.home" value="C:\Users\kumar"/>
    <property name="user.language" value="en"/>
    <property name="java.specification.vendor" value="Oracle Corporation"/>
    <property name="java.version.date" value="2020-07-14"/>
    <property name="java.home" value="C:\Program Files\Java\jdk-11.0.8"/>
    <property name="file.separator" value="\"/>
    <property name="basedir" value="C:\ApiTest\myApitest"/>
    <property name="java.vm.compressedOopsMode" value="32-bit"/>
    <property name="line.separator" value="&#10;"/>
    <property name="java.specification.name" value="Java Platform API Specification"/>
    <property name="java.vm.specification.vendor" value="Oracle Corporation"/>
    <property name="java.awt.graphicsenv" value="sun.awt.Win32GraphicsEnvironment"/>
    <property name="surefire.real.class.path" value="C:\Users\kumar\AppData\Local\Temp\surefire10229304086024397101\surefirebooter15235904326004801147.jar"/>
    <property name="user.script" value=""/>
    <property name="sun.management.compiler" value="HotSpot 64-Bit Tiered Compilers"/>
    <property name="java.runtime.version" value="11.0.8+10-LTS"/>
    <property name="user.name" value="kumar"/>
    <property name="path.separator" value=";"/>
    <property name="os.version" value="10.0"/>
    <property name="java.runtime.name" value="Java(TM) SE Runtime Environment"/>
    <property name="file.encoding" value="UTF-8"/>
    <property name="java.vm.name" value="Java HotSpot(TM) 64-Bit Server VM"/>
    <property name="java.vendor.version" value="18.9"/>
    <property name="localRepository" value="C:\Users\kumar\.m2\repository"/>
    <property name="java.vendor.url.bug" value="https://bugreport.java.com/bugreport/"/>
    <property name="java.io.tmpdir" value="C:\Users\kumar\AppData\Local\Temp\"/>
    <property name="java.version" value="11.0.8"/>
    <property name="user.dir" value="C:\ApiTest\myApitest"/>
    <property name="os.arch" value="amd64"/>
    <property name="java.vm.specification.name" value="Java Virtual Machine Specification"/>
    <property name="java.awt.printerjob" value="sun.awt.windows.WPrinterJob"/>
    <property name="sun.os.patch.level" value=""/>
    <property name="java.library.path" value="C:\Program Files\Java\jdk-11.0.8\bin;C:\WINDOWS\Sun\Java\bin;C:\WINDOWS\system32;C:\WINDOWS;C:\Program Files\Common Files\Oracle\Java\javapath;C:\WINDOWS\system32;C:\WINDOWS;C:\WINDOWS\System32\Wbem;C:\WINDOWS\System32\WindowsPowerShell\v1.0\;C:\WINDOWS\System32\OpenSSH\;C:\Program Files\Java\jdk-11.0.8\bin;C:\Program Files\Siemens\NXStudentEdition1926\CAPITALINTEGRATION\capitalnxremote\;C:\Program Files\Docker\Docker\resources\bin;C:\ProgramData\DockerDesktop\version-bin;C:\Program Files\apache-maven-3.8.3-bin\apache-maven-3.8.3\bin;C:\Program Files\Git\cmd;C:\Program Files\nodejs\;C:\Program Files (x86)\Yarn\bin\;C:\Users\kumar\AppData\Local\Microsoft\WindowsApps;C:\Users\kumar\AppData\Roaming\npm;C:\Users\kumar\AppData\Local\Yarn\bin;C:\Users\kumar\AppData\Local\Programs\Microsoft VS Code\bin;."/>
    <property name="java.vendor" value="Oracle Corporation"/>
    <property name="java.vm.info" value="mixed mode"/>
    <property name="java.vm.version" value="11.0.8+10-LTS"/>
    <property name="sun.io.unicode.encoding" value="UnicodeLittle"/>
    <property name="java.class.version" value="55.0"/>
  </properties>
  <testcase name="testParallel" classname="sensyne.sensyneTest" time="5.751">
    <failure message="status code was: 204, expected: 404, response time in milliseconds: 31, url: http://localhost:5000/v1/product, response: &#10;&#10;classpath:sensyne/product/Test_01postproduct.feature:91 ==&gt; expected: &lt;0&gt; but was: &lt;1&gt;" type="org.opentest4j.AssertionFailedError"><![CDATA[org.opentest4j.AssertionFailedError: 
status code was: 204, expected: 404, response time in milliseconds: 31, url: http://localhost:5000/v1/product, response: 

classpath:sensyne/product/Test_01postproduct.feature:91 ==> expected: <0> but was: <1>
	at sensyne.sensyneTest.testParallel(sensyneTest.java:16)
]]></failure>
    <system-out><![CDATA[16:22:22.448 [main] DEBUG com.intuit.karate.Suite - [config] classpath:karate-config.js
16:22:22.453 [main] INFO  com.intuit.karate.Suite - backed up existing 'target\karate-reports' dir to: target\karate-reports_1635088942452
16:22:23.582 [main] INFO  com.intuit.karate - karate.env system property was: null 
16:22:24.164 [main] DEBUG com.intuit.karate - request:
1 > POST http://localhost:5000/v1/product
1 > Content-Type: application/json; charset=UTF-8
1 > Content-Length: 27
1 > Host: localhost:5000
1 > Connection: Keep-Alive
1 > User-Agent: Apache-HttpClient/4.5.13 (Java/11.0.8)
1 > Accept-Encoding: gzip,deflate
{"name":"chair","price":35}

16:22:24.537 [main] DEBUG com.intuit.karate - response time in milliseconds: 371
1 < 204
1 < Connection: close
1 < Content-Type: application/json
1 < Date: Sun, 24 Oct 2021 15:22:24 GMT
1 < Server: waitress

16:22:24.555 [main] INFO  com.intuit.karate - karate.env system property was: null 
16:22:24.563 [main] DEBUG com.intuit.karate - request:
1 > POST http://localhost:5000/v1/product
1 > Content-Type: application/json; charset=UTF-8
1 > Content-Length: 28
1 > Host: localhost:5000
1 > Connection: Keep-Alive
1 > User-Agent: Apache-HttpClient/4.5.13 (Java/11.0.8)
1 > Accept-Encoding: gzip,deflate
{"name":"laptop","price":25}

16:22:24.601 [main] DEBUG com.intuit.karate - response time in milliseconds: 38
1 < 204
1 < Connection: close
1 < Content-Type: application/json
1 < Date: Sun, 24 Oct 2021 15:22:24 GMT
1 < Server: waitress

16:22:24.617 [main] INFO  com.intuit.karate - karate.env system property was: null 
16:22:24.620 [main] DEBUG com.intuit.karate - request:
1 > POST http://localhost:5000/v1/product
1 > Content-Type: application/json; charset=UTF-8
1 > Content-Length: 25
1 > Host: localhost:5000
1 > Connection: Keep-Alive
1 > User-Agent: Apache-HttpClient/4.5.13 (Java/11.0.8)
1 > Accept-Encoding: gzip,deflate
{"name":"cpu","price":15}

16:22:24.651 [main] DEBUG com.intuit.karate - response time in milliseconds: 29
1 < 204
1 < Connection: close
1 < Content-Type: application/json
1 < Date: Sun, 24 Oct 2021 15:22:24 GMT
1 < Server: waitress

16:22:24.663 [main] INFO  com.intuit.karate - karate.env system property was: null 
16:22:24.668 [main] DEBUG com.intuit.karate - request:
1 > POST http://localhost:5000/v1/product
1 > Content-Type: application/json; charset=UTF-8
1 > Content-Length: 38
1 > Host: localhost:5000
1 > Connection: Keep-Alive
1 > User-Agent: Apache-HttpClient/4.5.13 (Java/11.0.8)
1 > Accept-Encoding: gzip,deflate
{"name":"wireless mouse","price":12.0}

16:22:24.710 [main] DEBUG com.intuit.karate - response time in milliseconds: 42
1 < 204
1 < Connection: close
1 < Content-Type: application/json
1 < Date: Sun, 24 Oct 2021 15:22:24 GMT
1 < Server: waitress

16:22:24.723 [main] INFO  com.intuit.karate - karate.env system property was: null 
16:22:24.729 [main] DEBUG com.intuit.karate - request:
1 > POST http://localhost:5000/v1/product
1 > Content-Type: application/json; charset=UTF-8
1 > Content-Length: 27
1 > Host: localhost:5000
1 > Connection: Keep-Alive
1 > User-Agent: Apache-HttpClient/4.5.13 (Java/11.0.8)
1 > Accept-Encoding: gzip,deflate
{"name":"fan","price":45.0}

16:22:24.753 [main] DEBUG com.intuit.karate - response time in milliseconds: 24
1 < 204
1 < Connection: close
1 < Content-Type: application/json
1 < Date: Sun, 24 Oct 2021 15:22:24 GMT
1 < Server: waitress

16:22:24.766 [main] INFO  com.intuit.karate - karate.env system property was: null 
16:22:24.771 [main] DEBUG com.intuit.karate - request:
1 > POST http://localhost:5000/v1/product
1 > Content-Type: application/json; charset=UTF-8
1 > Content-Length: 17
1 > Host: localhost:5000
1 > Connection: Keep-Alive
1 > User-Agent: Apache-HttpClient/4.5.13 (Java/11.0.8)
1 > Accept-Encoding: gzip,deflate
{"name":"papers"}

16:22:24.803 [main] DEBUG com.intuit.karate - response time in milliseconds: 32
1 < 400
1 < Content-Length: 117
1 < Content-Type: application/problem+json
1 < Date: Sun, 24 Oct 2021 15:22:24 GMT
1 < Server: waitress
{
  "detail": "'price' is a required property",
  "status": 400,
  "title": "Bad Request",
  "type": "about:blank"
}

16:22:24.845 [main] INFO  com.intuit.karate - karate.env system property was: null 
16:22:24.850 [main] DEBUG com.intuit.karate - request:
1 > POST http://localhost:5000/v1/product
1 > Content-Type: application/json; charset=UTF-8
1 > Content-Length: 12
1 > Host: localhost:5000
1 > Connection: Keep-Alive
1 > User-Agent: Apache-HttpClient/4.5.13 (Java/11.0.8)
1 > Accept-Encoding: gzip,deflate
{"price":23}

16:22:24.877 [main] DEBUG com.intuit.karate - response time in milliseconds: 26
1 < 400
1 < Content-Length: 116
1 < Content-Type: application/problem+json
1 < Date: Sun, 24 Oct 2021 15:22:24 GMT
1 < Server: waitress
{
  "detail": "'name' is a required property",
  "status": 400,
  "title": "Bad Request",
  "type": "about:blank"
}

16:22:24.889 [main] INFO  com.intuit.karate - karate.env system property was: null 
16:22:24.898 [main] DEBUG com.intuit.karate - request:
1 > POST http://localhost:5000/v1/product
1 > Content-Type: application/json; charset=UTF-8
1 > Content-Length: 31
1 > Host: localhost:5000
1 > Connection: Keep-Alive
1 > User-Agent: Apache-HttpClient/4.5.13 (Java/11.0.8)
1 > Accept-Encoding: gzip,deflate
{"name":"papers","price":"23p"}

16:22:24.918 [main] DEBUG com.intuit.karate - response time in milliseconds: 20
1 < 400
1 < Content-Length: 126
1 < Content-Type: application/problem+json
1 < Date: Sun, 24 Oct 2021 15:22:24 GMT
1 < Server: waitress
{
  "detail": "'23p' is not of type 'number' - 'price'",
  "status": 400,
  "title": "Bad Request",
  "type": "about:blank"
}

16:22:24.932 [main] INFO  com.intuit.karate - karate.env system property was: null 
16:22:24.938 [main] DEBUG com.intuit.karate - request:
1 > POST http://localhost:5000/v1/product
1 > Content-Type: application/json; charset=UTF-8
1 > Content-Length: 48
1 > Host: localhost:5000
1 > Connection: Keep-Alive
1 > User-Agent: Apache-HttpClient/4.5.13 (Java/11.0.8)
1 > Accept-Encoding: gzip,deflate
{"name":"Laptop","product_code":0,"price":60.25}

16:22:24.969 [main] DEBUG com.intuit.karate - response time in milliseconds: 31
1 < 204
1 < Connection: close
1 < Content-Type: application/json
1 < Date: Sun, 24 Oct 2021 15:22:24 GMT
1 < Server: waitress

16:22:24.971 [main] ERROR com.intuit.karate - classpath:sensyne/product/Test_01postproduct.feature:91
Then status 404
status code was: 204, expected: 404, response time in milliseconds: 31, url: http://localhost:5000/v1/product, response: 

classpath:sensyne/product/Test_01postproduct.feature:91
---------------------------------------------------------
feature: classpath:sensyne/product/Test_01postproduct.feature
scenarios:  9 | passed:  8 | failed:  1 | time: 1.2333
---------------------------------------------------------

16:22:25.807 [main] INFO  com.intuit.karate.Suite - <<fail>> feature 1 of 5 (0 remaining) classpath:sensyne/product/Test_01postproduct.feature
16:22:25.817 [main] INFO  com.intuit.karate - karate.env system property was: null 
16:22:25.822 [main] DEBUG com.intuit.karate - request:
1 > GET http://localhost:5000/v1/products
1 > Host: localhost:5000
1 > Connection: Keep-Alive
1 > User-Agent: Apache-HttpClient/4.5.13 (Java/11.0.8)
1 > Accept-Encoding: gzip,deflate


16:22:25.878 [main] DEBUG com.intuit.karate - response time in milliseconds: 55
1 < 200
1 < Content-Length: 6365
1 < Content-Type: application/json
1 < Date: Sun, 24 Oct 2021 15:22:25 GMT
1 < Server: waitress
[
  {
    "id": 30,
    "name": "extra large",
    "price": "9.25"
  },
  {
    "id": 31,
    "name": "tele",
    "price": "50.25"
  },
  {
    "id": 32,
    "name": "sofa",
    "price": "50.25"
  },
  {
    "id": 33,
    "name": "bean bag",
    "price": "60.25"
  },
  {
    "id": 34,
    "name": "bean bag",
    "price": "60.25"
  },
  {
    "id": 37,
    "name": "basket",
    "price": "60.25"
  },
  {
    "id": 38,
    "name": "tele",
    "price": "78.00"
  },
  {
    "id": 39,
    "name": "tele",
    "price": "21.00"
  },
  {
    "id": 41,
    "name": "qweqw",
    "price": "23.00"
  },
  {
    "id": 42,
    "name": "",
    "price": "23.00"
  },
  {
    "id": 43,
    "name": "",
    "price": "23.00"
  },
  {
    "id": 44,
    "name": "",
    "price": "23.00"
  },
  {
    "id": 45,
    "name": "chair",
    "price": "45.00"
  },
  {
    "id": 46,
    "name": "laptop",
    "price": "25.00"
  },
  {
    "id": 47,
    "name": "cpu",
    "price": "15.00"
  },
  {
    "id": 48,
    "name": "Laptop",
    "price": "60.25"
  },
  {
    "id": 49,
    "name": "chair",
    "price": "35.00"
  },
  {
    "id": 50,
    "name": "wireless mouse",
    "price": "12.00"
  },
  {
    "id": 51,
    "name": "wireless mouse",
    "price": "12.00"
  },
  {
    "id": 52,
    "name": "laptop",
    "price": "25.00"
  },
  {
    "id": 53,
    "name": "fan",
    "price": "45.00"
  },
  {
    "id": 54,
    "name": "Laptop",
    "price": "60.25"
  },
  {
    "id": 55,
    "name": "chair",
    "price": "35.00"
  },
  {
    "id": 56,
    "name": "cpu",
    "price": "15.00"
  },
  {
    "id": 57,
    "name": "wireless mouse",
    "price": "12.00"
  },
  {
    "id": 58,
    "name": "laptop",
    "price": "25.00"
  },
  {
    "id": 59,
    "name": "cpu",
    "price": "15.00"
  },
  {
    "id": 60,
    "name": "Laptop",
    "price": "60.25"
  },
  {
    "id": 61,
    "name": "chair",
    "price": "35.00"
  },
  {
    "id": 62,
    "name": "fan",
    "price": "45.00"
  },
  {
    "id": 63,
    "name": "cpu",
    "price": "15.00"
  },
  {
    "id": 64,
    "name": "fan",
    "price": "45.00"
  },
  {
    "id": 65,
    "name": "laptop",
    "price": "25.00"
  },
  {
    "id": 66,
    "name": "Laptop",
    "price": "60.25"
  },
  {
    "id": 67,
    "name": "chair",
    "price": "35.00"
  },
  {
    "id": 68,
    "name": "wireless mouse",
    "price": "12.00"
  },
  {
    "id": 69,
    "name": "cpu",
    "price": "15.00"
  },
  {
    "id": 70,
    "name": "fan",
    "price": "45.00"
  },
  {
    "id": 71,
    "name": "laptop",
    "price": "25.00"
  },
  {
    "id": 72,
    "name": "wireless mouse",
    "price": "12.00"
  },
  {
    "id": 73,
    "name": "Laptop",
    "price": "60.25"
  },
  {
    "id": 74,
    "name": "chair",
    "price": "35.00"
  },
  {
    "id": 75,
    "name": "cpu",
    "price": "15.00"
  },
  {
    "id": 76,
    "name": "fan",
    "price": "45.00"
  },
  {
    "id": 77,
    "name": "laptop",
    "price": "25.00"
  },
  {
    "id": 78,
    "name": "chair",
    "price": "35.00"
  },
  {
    "id": 79,
    "name": "wireless mouse",
    "price": "12.00"
  },
  {
    "id": 80,
    "name": "Laptop",
    "price": "60.25"
  },
  {
    "id": 81,
    "name": "chair",
    "price": "35.00"
  },
  {
    "id": 82,
    "name": "laptop",
    "price": "25.00"
  },
  {
    "id": 83,
    "name": "cpu",
    "price": "15.00"
  },
  {
    "id": 84,
    "name": "wireless mouse",
    "price": "12.00"
  },
  {
    "id": 85,
    "name": "fan",
    "price": "45.00"
  },
  {
    "id": 86,
    "name": "Laptop",
    "price": "60.25"
  },
  {
    "id": 87,
    "name": "laptop",
    "price": "25.00"
  },
  {
    "id": 88,
    "name": "chair",
    "price": "35.00"
  },
  {
    "id": 89,
    "name": "wireless mouse",
    "price": "12.00"
  },
  {
    "id": 90,
    "name": "cpu",
    "price": "15.00"
  },
  {
    "id": 91,
    "name": "fan",
    "price": "45.00"
  },
  {
    "id": 92,
    "name": "Laptop",
    "price": "60.25"
  },
  {
    "id": 93,
    "name": "chair",
    "price": "35.00"
  },
  {
    "id": 94,
    "name": "laptop",
    "price": "25.00"
  },
  {
    "id": 95,
    "name": "cpu",
    "price": "15.00"
  },
  {
    "id": 96,
    "name": "wireless mouse",
    "price": "12.00"
  },
  {
    "id": 97,
    "name": "fan",
    "price": "45.00"
  },
  {
    "id": 98,
    "name": "Laptop",
    "price": "60.25"
  },
  {
    "id": 99,
    "name": "chair",
    "price": "35.00"
  },
  {
    "id": 100,
    "name": "laptop",
    "price": "25.00"
  },
  {
    "id": 101,
    "name": "cpu",
    "price": "15.00"
  },
  {
    "id": 102,
    "name": "wireless mouse",
    "price": "12.00"
  },
  {
    "id": 103,
    "name": "fan",
    "price": "45.00"
  },
  {
    "id": 104,
    "name": "Laptop",
    "price": "60.25"
  },
  {
    "id": 105,
    "name": "chair",
    "price": "35.00"
  },
  {
    "id": 106,
    "name": "laptop",
    "price": "25.00"
  },
  {
    "id": 107,
    "name": "cpu",
    "price": "15.00"
  },
  {
    "id": 108,
    "name": "wireless mouse",
    "price": "12.00"
  },
  {
    "id": 109,
    "name": "fan",
    "price": "45.00"
  },
  {
    "id": 110,
    "name": "Laptop",
    "price": "60.25"
  },
  {
    "id": 111,
    "name": "chair",
    "price": "35.00"
  },
  {
    "id": 112,
    "name": "laptop",
    "price": "25.00"
  },
  {
    "id": 113,
    "name": "cpu",
    "price": "15.00"
  },
  {
    "id": 114,
    "name": "wireless mouse",
    "price": "12.00"
  },
  {
    "id": 115,
    "name": "fan",
    "price": "45.00"
  },
  {
    "id": 116,
    "name": "Laptop",
    "price": "60.25"
  },
  {
    "id": 117,
    "name": "chair",
    "price": "35.00"
  },
  {
    "id": 118,
    "name": "laptop",
    "price": "25.00"
  },
  {
    "id": 119,
    "name": "cpu",
    "price": "15.00"
  },
  {
    "id": 120,
    "name": "wireless mouse",
    "price": "12.00"
  },
  {
    "id": 121,
    "name": "fan",
    "price": "45.00"
  },
  {
    "id": 122,
    "name": "Laptop",
    "price": "60.25"
  },
  {
    "id": 123,
    "name": "chair",
    "price": "35.00"
  },
  {
    "id": 124,
    "name": "laptop",
    "price": "25.00"
  },
  {
    "id": 125,
    "name": "cpu",
    "price": "15.00"
  },
  {
    "id": 126,
    "name": "wireless mouse",
    "price": "12.00"
  },
  {
    "id": 127,
    "name": "fan",
    "price": "45.00"
  },
  {
    "id": 128,
    "name": "Laptop",
    "price": "60.25"
  }
]

---------------------------------------------------------
feature: classpath:sensyne/product/Test_02getproducts.feature
scenarios:  1 | passed:  1 | failed:  0 | time: 0.1019
---------------------------------------------------------

16:22:26.008 [main] INFO  com.intuit.karate.Suite - <<pass>> feature 2 of 5 (0 remaining) classpath:sensyne/product/Test_02getproducts.feature
16:22:26.017 [main] INFO  com.intuit.karate - karate.env system property was: null 
16:22:26.021 [main] DEBUG com.intuit.karate - request:
1 > GET http://localhost:5000/v1/products
1 > Host: localhost:5000
1 > Connection: Keep-Alive
1 > User-Agent: Apache-HttpClient/4.5.13 (Java/11.0.8)
1 > Accept-Encoding: gzip,deflate


16:22:26.072 [main] DEBUG com.intuit.karate - response time in milliseconds: 51
1 < 200
1 < Content-Length: 6365
1 < Content-Type: application/json
1 < Date: Sun, 24 Oct 2021 15:22:26 GMT
1 < Server: waitress
[
  {
    "id": 30,
    "name": "extra large",
    "price": "9.25"
  },
  {
    "id": 31,
    "name": "tele",
    "price": "50.25"
  },
  {
    "id": 32,
    "name": "sofa",
    "price": "50.25"
  },
  {
    "id": 33,
    "name": "bean bag",
    "price": "60.25"
  },
  {
    "id": 34,
    "name": "bean bag",
    "price": "60.25"
  },
  {
    "id": 37,
    "name": "basket",
    "price": "60.25"
  },
  {
    "id": 38,
    "name": "tele",
    "price": "78.00"
  },
  {
    "id": 39,
    "name": "tele",
    "price": "21.00"
  },
  {
    "id": 41,
    "name": "qweqw",
    "price": "23.00"
  },
  {
    "id": 42,
    "name": "",
    "price": "23.00"
  },
  {
    "id": 43,
    "name": "",
    "price": "23.00"
  },
  {
    "id": 44,
    "name": "",
    "price": "23.00"
  },
  {
    "id": 45,
    "name": "chair",
    "price": "45.00"
  },
  {
    "id": 46,
    "name": "laptop",
    "price": "25.00"
  },
  {
    "id": 47,
    "name": "cpu",
    "price": "15.00"
  },
  {
    "id": 48,
    "name": "Laptop",
    "price": "60.25"
  },
  {
    "id": 49,
    "name": "chair",
    "price": "35.00"
  },
  {
    "id": 50,
    "name": "wireless mouse",
    "price": "12.00"
  },
  {
    "id": 51,
    "name": "wireless mouse",
    "price": "12.00"
  },
  {
    "id": 52,
    "name": "laptop",
    "price": "25.00"
  },
  {
    "id": 53,
    "name": "fan",
    "price": "45.00"
  },
  {
    "id": 54,
    "name": "Laptop",
    "price": "60.25"
  },
  {
    "id": 55,
    "name": "chair",
    "price": "35.00"
  },
  {
    "id": 56,
    "name": "cpu",
    "price": "15.00"
  },
  {
    "id": 57,
    "name": "wireless mouse",
    "price": "12.00"
  },
  {
    "id": 58,
    "name": "laptop",
    "price": "25.00"
  },
  {
    "id": 59,
    "name": "cpu",
    "price": "15.00"
  },
  {
    "id": 60,
    "name": "Laptop",
    "price": "60.25"
  },
  {
    "id": 61,
    "name": "chair",
    "price": "35.00"
  },
  {
    "id": 62,
    "name": "fan",
    "price": "45.00"
  },
  {
    "id": 63,
    "name": "cpu",
    "price": "15.00"
  },
  {
    "id": 64,
    "name": "fan",
    "price": "45.00"
  },
  {
    "id": 65,
    "name": "laptop",
    "price": "25.00"
  },
  {
    "id": 66,
    "name": "Laptop",
    "price": "60.25"
  },
  {
    "id": 67,
    "name": "chair",
    "price": "35.00"
  },
  {
    "id": 68,
    "name": "wireless mouse",
    "price": "12.00"
  },
  {
    "id": 69,
    "name": "cpu",
    "price": "15.00"
  },
  {
    "id": 70,
    "name": "fan",
    "price": "45.00"
  },
  {
    "id": 71,
    "name": "laptop",
    "price": "25.00"
  },
  {
    "id": 72,
    "name": "wireless mouse",
    "price": "12.00"
  },
  {
    "id": 73,
    "name": "Laptop",
    "price": "60.25"
  },
  {
    "id": 74,
    "name": "chair",
    "price": "35.00"
  },
  {
    "id": 75,
    "name": "cpu",
    "price": "15.00"
  },
  {
    "id": 76,
    "name": "fan",
    "price": "45.00"
  },
  {
    "id": 77,
    "name": "laptop",
    "price": "25.00"
  },
  {
    "id": 78,
    "name": "chair",
    "price": "35.00"
  },
  {
    "id": 79,
    "name": "wireless mouse",
    "price": "12.00"
  },
  {
    "id": 80,
    "name": "Laptop",
    "price": "60.25"
  },
  {
    "id": 81,
    "name": "chair",
    "price": "35.00"
  },
  {
    "id": 82,
    "name": "laptop",
    "price": "25.00"
  },
  {
    "id": 83,
    "name": "cpu",
    "price": "15.00"
  },
  {
    "id": 84,
    "name": "wireless mouse",
    "price": "12.00"
  },
  {
    "id": 85,
    "name": "fan",
    "price": "45.00"
  },
  {
    "id": 86,
    "name": "Laptop",
    "price": "60.25"
  },
  {
    "id": 87,
    "name": "laptop",
    "price": "25.00"
  },
  {
    "id": 88,
    "name": "chair",
    "price": "35.00"
  },
  {
    "id": 89,
    "name": "wireless mouse",
    "price": "12.00"
  },
  {
    "id": 90,
    "name": "cpu",
    "price": "15.00"
  },
  {
    "id": 91,
    "name": "fan",
    "price": "45.00"
  },
  {
    "id": 92,
    "name": "Laptop",
    "price": "60.25"
  },
  {
    "id": 93,
    "name": "chair",
    "price": "35.00"
  },
  {
    "id": 94,
    "name": "laptop",
    "price": "25.00"
  },
  {
    "id": 95,
    "name": "cpu",
    "price": "15.00"
  },
  {
    "id": 96,
    "name": "wireless mouse",
    "price": "12.00"
  },
  {
    "id": 97,
    "name": "fan",
    "price": "45.00"
  },
  {
    "id": 98,
    "name": "Laptop",
    "price": "60.25"
  },
  {
    "id": 99,
    "name": "chair",
    "price": "35.00"
  },
  {
    "id": 100,
    "name": "laptop",
    "price": "25.00"
  },
  {
    "id": 101,
    "name": "cpu",
    "price": "15.00"
  },
  {
    "id": 102,
    "name": "wireless mouse",
    "price": "12.00"
  },
  {
    "id": 103,
    "name": "fan",
    "price": "45.00"
  },
  {
    "id": 104,
    "name": "Laptop",
    "price": "60.25"
  },
  {
    "id": 105,
    "name": "chair",
    "price": "35.00"
  },
  {
    "id": 106,
    "name": "laptop",
    "price": "25.00"
  },
  {
    "id": 107,
    "name": "cpu",
    "price": "15.00"
  },
  {
    "id": 108,
    "name": "wireless mouse",
    "price": "12.00"
  },
  {
    "id": 109,
    "name": "fan",
    "price": "45.00"
  },
  {
    "id": 110,
    "name": "Laptop",
    "price": "60.25"
  },
  {
    "id": 111,
    "name": "chair",
    "price": "35.00"
  },
  {
    "id": 112,
    "name": "laptop",
    "price": "25.00"
  },
  {
    "id": 113,
    "name": "cpu",
    "price": "15.00"
  },
  {
    "id": 114,
    "name": "wireless mouse",
    "price": "12.00"
  },
  {
    "id": 115,
    "name": "fan",
    "price": "45.00"
  },
  {
    "id": 116,
    "name": "Laptop",
    "price": "60.25"
  },
  {
    "id": 117,
    "name": "chair",
    "price": "35.00"
  },
  {
    "id": 118,
    "name": "laptop",
    "price": "25.00"
  },
  {
    "id": 119,
    "name": "cpu",
    "price": "15.00"
  },
  {
    "id": 120,
    "name": "wireless mouse",
    "price": "12.00"
  },
  {
    "id": 121,
    "name": "fan",
    "price": "45.00"
  },
  {
    "id": 122,
    "name": "Laptop",
    "price": "60.25"
  },
  {
    "id": 123,
    "name": "chair",
    "price": "35.00"
  },
  {
    "id": 124,
    "name": "laptop",
    "price": "25.00"
  },
  {
    "id": 125,
    "name": "cpu",
    "price": "15.00"
  },
  {
    "id": 126,
    "name": "wireless mouse",
    "price": "12.00"
  },
  {
    "id": 127,
    "name": "fan",
    "price": "45.00"
  },
  {
    "id": 128,
    "name": "Laptop",
    "price": "60.25"
  }
]

16:22:26.079 [main] INFO  com.intuit.karate - [print] the value of code is: 30 
16:22:26.082 [main] DEBUG com.intuit.karate - request:
2 > PUT http://localhost:5000/v1/product/30
2 > Content-Type: application/json; charset=UTF-8
2 > Content-Length: 34
2 > Host: localhost:5000
2 > Connection: Keep-Alive
2 > User-Agent: Apache-HttpClient/4.5.13 (Java/11.0.8)
2 > Accept-Encoding: gzip,deflate
{"name":"Television","price":35.0}

16:22:26.179 [main] DEBUG com.intuit.karate - response time in milliseconds: 96
2 < 204
2 < Connection: close
2 < Content-Type: application/json
2 < Date: Sun, 24 Oct 2021 15:22:26 GMT
2 < Server: waitress

16:22:26.183 [main] DEBUG com.intuit.karate - request:
3 > GET http://localhost:5000/v1/product/30
3 > Host: localhost:5000
3 > Connection: Keep-Alive
3 > User-Agent: Apache-HttpClient/4.5.13 (Java/11.0.8)
3 > Accept-Encoding: gzip,deflate


16:22:26.202 [main] DEBUG com.intuit.karate - response time in milliseconds: 19
3 < 200
3 < Content-Length: 59
3 < Content-Type: application/json
3 < Date: Sun, 24 Oct 2021 15:22:26 GMT
3 < Server: waitress
{
  "id": 30,
  "name": "Television",
  "price": "35.00"
}

16:22:26.214 [main] INFO  com.intuit.karate - karate.env system property was: null 
16:22:26.218 [main] DEBUG com.intuit.karate - request:
1 > PUT http://localhost:5000/v1/product/18a
1 > Content-Type: application/json; charset=UTF-8
1 > Content-Length: 32
1 > Host: localhost:5000
1 > Connection: Keep-Alive
1 > User-Agent: Apache-HttpClient/4.5.13 (Java/11.0.8)
1 > Accept-Encoding: gzip,deflate
{"name":"Computer","price":35.0}

16:22:26.255 [main] DEBUG com.intuit.karate - response time in milliseconds: 37
1 < 404
1 < Content-Length: 205
1 < Content-Type: application/problem+json
1 < Date: Sun, 24 Oct 2021 15:22:26 GMT
1 < Server: waitress
{
  "detail": "The requested URL was not found on the server. If you entered the URL manually please check your spelling and try again.",
  "status": 404,
  "title": "Not Found",
  "type": "about:blank"
}

---------------------------------------------------------
feature: classpath:sensyne/product/Test_03updateproduct.feature
scenarios:  2 | passed:  2 | failed:  0 | time: 0.2283
---------------------------------------------------------

16:22:26.400 [main] INFO  com.intuit.karate.Suite - <<pass>> feature 3 of 5 (0 remaining) classpath:sensyne/product/Test_03updateproduct.feature
16:22:26.412 [main] INFO  com.intuit.karate - karate.env system property was: null 
16:22:26.417 [main] DEBUG com.intuit.karate - request:
1 > GET http://localhost:5000/v1/products
1 > Host: localhost:5000
1 > Connection: Keep-Alive
1 > User-Agent: Apache-HttpClient/4.5.13 (Java/11.0.8)
1 > Accept-Encoding: gzip,deflate


16:22:26.436 [main] DEBUG com.intuit.karate - response time in milliseconds: 18
1 < 200
1 < Content-Length: 6365
1 < Content-Type: application/json
1 < Date: Sun, 24 Oct 2021 15:22:26 GMT
1 < Server: waitress
[
  {
    "id": 30,
    "name": "Television",
    "price": "35.00"
  },
  {
    "id": 31,
    "name": "tele",
    "price": "50.25"
  },
  {
    "id": 32,
    "name": "sofa",
    "price": "50.25"
  },
  {
    "id": 33,
    "name": "bean bag",
    "price": "60.25"
  },
  {
    "id": 34,
    "name": "bean bag",
    "price": "60.25"
  },
  {
    "id": 37,
    "name": "basket",
    "price": "60.25"
  },
  {
    "id": 38,
    "name": "tele",
    "price": "78.00"
  },
  {
    "id": 39,
    "name": "tele",
    "price": "21.00"
  },
  {
    "id": 41,
    "name": "qweqw",
    "price": "23.00"
  },
  {
    "id": 42,
    "name": "",
    "price": "23.00"
  },
  {
    "id": 43,
    "name": "",
    "price": "23.00"
  },
  {
    "id": 44,
    "name": "",
    "price": "23.00"
  },
  {
    "id": 45,
    "name": "chair",
    "price": "45.00"
  },
  {
    "id": 46,
    "name": "laptop",
    "price": "25.00"
  },
  {
    "id": 47,
    "name": "cpu",
    "price": "15.00"
  },
  {
    "id": 48,
    "name": "Laptop",
    "price": "60.25"
  },
  {
    "id": 49,
    "name": "chair",
    "price": "35.00"
  },
  {
    "id": 50,
    "name": "wireless mouse",
    "price": "12.00"
  },
  {
    "id": 51,
    "name": "wireless mouse",
    "price": "12.00"
  },
  {
    "id": 52,
    "name": "laptop",
    "price": "25.00"
  },
  {
    "id": 53,
    "name": "fan",
    "price": "45.00"
  },
  {
    "id": 54,
    "name": "Laptop",
    "price": "60.25"
  },
  {
    "id": 55,
    "name": "chair",
    "price": "35.00"
  },
  {
    "id": 56,
    "name": "cpu",
    "price": "15.00"
  },
  {
    "id": 57,
    "name": "wireless mouse",
    "price": "12.00"
  },
  {
    "id": 58,
    "name": "laptop",
    "price": "25.00"
  },
  {
    "id": 59,
    "name": "cpu",
    "price": "15.00"
  },
  {
    "id": 60,
    "name": "Laptop",
    "price": "60.25"
  },
  {
    "id": 61,
    "name": "chair",
    "price": "35.00"
  },
  {
    "id": 62,
    "name": "fan",
    "price": "45.00"
  },
  {
    "id": 63,
    "name": "cpu",
    "price": "15.00"
  },
  {
    "id": 64,
    "name": "fan",
    "price": "45.00"
  },
  {
    "id": 65,
    "name": "laptop",
    "price": "25.00"
  },
  {
    "id": 66,
    "name": "Laptop",
    "price": "60.25"
  },
  {
    "id": 67,
    "name": "chair",
    "price": "35.00"
  },
  {
    "id": 68,
    "name": "wireless mouse",
    "price": "12.00"
  },
  {
    "id": 69,
    "name": "cpu",
    "price": "15.00"
  },
  {
    "id": 70,
    "name": "fan",
    "price": "45.00"
  },
  {
    "id": 71,
    "name": "laptop",
    "price": "25.00"
  },
  {
    "id": 72,
    "name": "wireless mouse",
    "price": "12.00"
  },
  {
    "id": 73,
    "name": "Laptop",
    "price": "60.25"
  },
  {
    "id": 74,
    "name": "chair",
    "price": "35.00"
  },
  {
    "id": 75,
    "name": "cpu",
    "price": "15.00"
  },
  {
    "id": 76,
    "name": "fan",
    "price": "45.00"
  },
  {
    "id": 77,
    "name": "laptop",
    "price": "25.00"
  },
  {
    "id": 78,
    "name": "chair",
    "price": "35.00"
  },
  {
    "id": 79,
    "name": "wireless mouse",
    "price": "12.00"
  },
  {
    "id": 80,
    "name": "Laptop",
    "price": "60.25"
  },
  {
    "id": 81,
    "name": "chair",
    "price": "35.00"
  },
  {
    "id": 82,
    "name": "laptop",
    "price": "25.00"
  },
  {
    "id": 83,
    "name": "cpu",
    "price": "15.00"
  },
  {
    "id": 84,
    "name": "wireless mouse",
    "price": "12.00"
  },
  {
    "id": 85,
    "name": "fan",
    "price": "45.00"
  },
  {
    "id": 86,
    "name": "Laptop",
    "price": "60.25"
  },
  {
    "id": 87,
    "name": "laptop",
    "price": "25.00"
  },
  {
    "id": 88,
    "name": "chair",
    "price": "35.00"
  },
  {
    "id": 89,
    "name": "wireless mouse",
    "price": "12.00"
  },
  {
    "id": 90,
    "name": "cpu",
    "price": "15.00"
  },
  {
    "id": 91,
    "name": "fan",
    "price": "45.00"
  },
  {
    "id": 92,
    "name": "Laptop",
    "price": "60.25"
  },
  {
    "id": 93,
    "name": "chair",
    "price": "35.00"
  },
  {
    "id": 94,
    "name": "laptop",
    "price": "25.00"
  },
  {
    "id": 95,
    "name": "cpu",
    "price": "15.00"
  },
  {
    "id": 96,
    "name": "wireless mouse",
    "price": "12.00"
  },
  {
    "id": 97,
    "name": "fan",
    "price": "45.00"
  },
  {
    "id": 98,
    "name": "Laptop",
    "price": "60.25"
  },
  {
    "id": 99,
    "name": "chair",
    "price": "35.00"
  },
  {
    "id": 100,
    "name": "laptop",
    "price": "25.00"
  },
  {
    "id": 101,
    "name": "cpu",
    "price": "15.00"
  },
  {
    "id": 102,
    "name": "wireless mouse",
    "price": "12.00"
  },
  {
    "id": 103,
    "name": "fan",
    "price": "45.00"
  },
  {
    "id": 104,
    "name": "Laptop",
    "price": "60.25"
  },
  {
    "id": 105,
    "name": "chair",
    "price": "35.00"
  },
  {
    "id": 106,
    "name": "laptop",
    "price": "25.00"
  },
  {
    "id": 107,
    "name": "cpu",
    "price": "15.00"
  },
  {
    "id": 108,
    "name": "wireless mouse",
    "price": "12.00"
  },
  {
    "id": 109,
    "name": "fan",
    "price": "45.00"
  },
  {
    "id": 110,
    "name": "Laptop",
    "price": "60.25"
  },
  {
    "id": 111,
    "name": "chair",
    "price": "35.00"
  },
  {
    "id": 112,
    "name": "laptop",
    "price": "25.00"
  },
  {
    "id": 113,
    "name": "cpu",
    "price": "15.00"
  },
  {
    "id": 114,
    "name": "wireless mouse",
    "price": "12.00"
  },
  {
    "id": 115,
    "name": "fan",
    "price": "45.00"
  },
  {
    "id": 116,
    "name": "Laptop",
    "price": "60.25"
  },
  {
    "id": 117,
    "name": "chair",
    "price": "35.00"
  },
  {
    "id": 118,
    "name": "laptop",
    "price": "25.00"
  },
  {
    "id": 119,
    "name": "cpu",
    "price": "15.00"
  },
  {
    "id": 120,
    "name": "wireless mouse",
    "price": "12.00"
  },
  {
    "id": 121,
    "name": "fan",
    "price": "45.00"
  },
  {
    "id": 122,
    "name": "Laptop",
    "price": "60.25"
  },
  {
    "id": 123,
    "name": "chair",
    "price": "35.00"
  },
  {
    "id": 124,
    "name": "laptop",
    "price": "25.00"
  },
  {
    "id": 125,
    "name": "cpu",
    "price": "15.00"
  },
  {
    "id": 126,
    "name": "wireless mouse",
    "price": "12.00"
  },
  {
    "id": 127,
    "name": "fan",
    "price": "45.00"
  },
  {
    "id": 128,
    "name": "Laptop",
    "price": "60.25"
  }
]

16:22:26.442 [main] INFO  com.intuit.karate - [print] the value of code is: 30 
16:22:26.448 [main] DEBUG com.intuit.karate - request:
2 > GET http://localhost:5000/v1/product/30
2 > Host: localhost:5000
2 > Connection: Keep-Alive
2 > User-Agent: Apache-HttpClient/4.5.13 (Java/11.0.8)
2 > Accept-Encoding: gzip,deflate


16:22:26.487 [main] DEBUG com.intuit.karate - response time in milliseconds: 38
2 < 200
2 < Content-Length: 59
2 < Content-Type: application/json
2 < Date: Sun, 24 Oct 2021 15:22:26 GMT
2 < Server: waitress
{
  "id": 30,
  "name": "Television",
  "price": "35.00"
}

16:22:26.498 [main] INFO  com.intuit.karate - karate.env system property was: null 
16:22:26.502 [main] DEBUG com.intuit.karate - request:
1 > GET http://localhost:5000/v1/product/500
1 > Host: localhost:5000
1 > Connection: Keep-Alive
1 > User-Agent: Apache-HttpClient/4.5.13 (Java/11.0.8)
1 > Accept-Encoding: gzip,deflate


16:22:26.523 [main] DEBUG com.intuit.karate - response time in milliseconds: 20
1 < 404
1 < Content-Length: 205
1 < Content-Type: application/problem+json
1 < Date: Sun, 24 Oct 2021 15:22:26 GMT
1 < Server: waitress
{
  "detail": "The requested URL was not found on the server. If you entered the URL manually please check your spelling and try again.",
  "status": 404,
  "title": "Not Found",
  "type": "about:blank"
}

16:22:26.531 [main] INFO  com.intuit.karate - karate.env system property was: null 
16:22:26.535 [main] DEBUG com.intuit.karate - request:
1 > GET http://localhost:5000/v1/product/5a
1 > Host: localhost:5000
1 > Connection: Keep-Alive
1 > User-Agent: Apache-HttpClient/4.5.13 (Java/11.0.8)
1 > Accept-Encoding: gzip,deflate


16:22:26.554 [main] DEBUG com.intuit.karate - response time in milliseconds: 19
1 < 404
1 < Content-Length: 205
1 < Content-Type: application/problem+json
1 < Date: Sun, 24 Oct 2021 15:22:26 GMT
1 < Server: waitress
{
  "detail": "The requested URL was not found on the server. If you entered the URL manually please check your spelling and try again.",
  "status": 404,
  "title": "Not Found",
  "type": "about:blank"
}

---------------------------------------------------------
feature: classpath:sensyne/product/Test_04getaproduct.feature
scenarios:  3 | passed:  3 | failed:  0 | time: 0.1230
---------------------------------------------------------

16:22:26.727 [main] INFO  com.intuit.karate.Suite - <<pass>> feature 4 of 5 (0 remaining) classpath:sensyne/product/Test_04getaproduct.feature
16:22:26.736 [main] INFO  com.intuit.karate - karate.env system property was: null 
16:22:26.741 [main] DEBUG com.intuit.karate - request:
1 > GET http://localhost:5000/v1/products
1 > Host: localhost:5000
1 > Connection: Keep-Alive
1 > User-Agent: Apache-HttpClient/4.5.13 (Java/11.0.8)
1 > Accept-Encoding: gzip,deflate


16:22:26.780 [main] DEBUG com.intuit.karate - response time in milliseconds: 39
1 < 200
1 < Content-Length: 6365
1 < Content-Type: application/json
1 < Date: Sun, 24 Oct 2021 15:22:26 GMT
1 < Server: waitress
[
  {
    "id": 30,
    "name": "Television",
    "price": "35.00"
  },
  {
    "id": 31,
    "name": "tele",
    "price": "50.25"
  },
  {
    "id": 32,
    "name": "sofa",
    "price": "50.25"
  },
  {
    "id": 33,
    "name": "bean bag",
    "price": "60.25"
  },
  {
    "id": 34,
    "name": "bean bag",
    "price": "60.25"
  },
  {
    "id": 37,
    "name": "basket",
    "price": "60.25"
  },
  {
    "id": 38,
    "name": "tele",
    "price": "78.00"
  },
  {
    "id": 39,
    "name": "tele",
    "price": "21.00"
  },
  {
    "id": 41,
    "name": "qweqw",
    "price": "23.00"
  },
  {
    "id": 42,
    "name": "",
    "price": "23.00"
  },
  {
    "id": 43,
    "name": "",
    "price": "23.00"
  },
  {
    "id": 44,
    "name": "",
    "price": "23.00"
  },
  {
    "id": 45,
    "name": "chair",
    "price": "45.00"
  },
  {
    "id": 46,
    "name": "laptop",
    "price": "25.00"
  },
  {
    "id": 47,
    "name": "cpu",
    "price": "15.00"
  },
  {
    "id": 48,
    "name": "Laptop",
    "price": "60.25"
  },
  {
    "id": 49,
    "name": "chair",
    "price": "35.00"
  },
  {
    "id": 50,
    "name": "wireless mouse",
    "price": "12.00"
  },
  {
    "id": 51,
    "name": "wireless mouse",
    "price": "12.00"
  },
  {
    "id": 52,
    "name": "laptop",
    "price": "25.00"
  },
  {
    "id": 53,
    "name": "fan",
    "price": "45.00"
  },
  {
    "id": 54,
    "name": "Laptop",
    "price": "60.25"
  },
  {
    "id": 55,
    "name": "chair",
    "price": "35.00"
  },
  {
    "id": 56,
    "name": "cpu",
    "price": "15.00"
  },
  {
    "id": 57,
    "name": "wireless mouse",
    "price": "12.00"
  },
  {
    "id": 58,
    "name": "laptop",
    "price": "25.00"
  },
  {
    "id": 59,
    "name": "cpu",
    "price": "15.00"
  },
  {
    "id": 60,
    "name": "Laptop",
    "price": "60.25"
  },
  {
    "id": 61,
    "name": "chair",
    "price": "35.00"
  },
  {
    "id": 62,
    "name": "fan",
    "price": "45.00"
  },
  {
    "id": 63,
    "name": "cpu",
    "price": "15.00"
  },
  {
    "id": 64,
    "name": "fan",
    "price": "45.00"
  },
  {
    "id": 65,
    "name": "laptop",
    "price": "25.00"
  },
  {
    "id": 66,
    "name": "Laptop",
    "price": "60.25"
  },
  {
    "id": 67,
    "name": "chair",
    "price": "35.00"
  },
  {
    "id": 68,
    "name": "wireless mouse",
    "price": "12.00"
  },
  {
    "id": 69,
    "name": "cpu",
    "price": "15.00"
  },
  {
    "id": 70,
    "name": "fan",
    "price": "45.00"
  },
  {
    "id": 71,
    "name": "laptop",
    "price": "25.00"
  },
  {
    "id": 72,
    "name": "wireless mouse",
    "price": "12.00"
  },
  {
    "id": 73,
    "name": "Laptop",
    "price": "60.25"
  },
  {
    "id": 74,
    "name": "chair",
    "price": "35.00"
  },
  {
    "id": 75,
    "name": "cpu",
    "price": "15.00"
  },
  {
    "id": 76,
    "name": "fan",
    "price": "45.00"
  },
  {
    "id": 77,
    "name": "laptop",
    "price": "25.00"
  },
  {
    "id": 78,
    "name": "chair",
    "price": "35.00"
  },
  {
    "id": 79,
    "name": "wireless mouse",
    "price": "12.00"
  },
  {
    "id": 80,
    "name": "Laptop",
    "price": "60.25"
  },
  {
    "id": 81,
    "name": "chair",
    "price": "35.00"
  },
  {
    "id": 82,
    "name": "laptop",
    "price": "25.00"
  },
  {
    "id": 83,
    "name": "cpu",
    "price": "15.00"
  },
  {
    "id": 84,
    "name": "wireless mouse",
    "price": "12.00"
  },
  {
    "id": 85,
    "name": "fan",
    "price": "45.00"
  },
  {
    "id": 86,
    "name": "Laptop",
    "price": "60.25"
  },
  {
    "id": 87,
    "name": "laptop",
    "price": "25.00"
  },
  {
    "id": 88,
    "name": "chair",
    "price": "35.00"
  },
  {
    "id": 89,
    "name": "wireless mouse",
    "price": "12.00"
  },
  {
    "id": 90,
    "name": "cpu",
    "price": "15.00"
  },
  {
    "id": 91,
    "name": "fan",
    "price": "45.00"
  },
  {
    "id": 92,
    "name": "Laptop",
    "price": "60.25"
  },
  {
    "id": 93,
    "name": "chair",
    "price": "35.00"
  },
  {
    "id": 94,
    "name": "laptop",
    "price": "25.00"
  },
  {
    "id": 95,
    "name": "cpu",
    "price": "15.00"
  },
  {
    "id": 96,
    "name": "wireless mouse",
    "price": "12.00"
  },
  {
    "id": 97,
    "name": "fan",
    "price": "45.00"
  },
  {
    "id": 98,
    "name": "Laptop",
    "price": "60.25"
  },
  {
    "id": 99,
    "name": "chair",
    "price": "35.00"
  },
  {
    "id": 100,
    "name": "laptop",
    "price": "25.00"
  },
  {
    "id": 101,
    "name": "cpu",
    "price": "15.00"
  },
  {
    "id": 102,
    "name": "wireless mouse",
    "price": "12.00"
  },
  {
    "id": 103,
    "name": "fan",
    "price": "45.00"
  },
  {
    "id": 104,
    "name": "Laptop",
    "price": "60.25"
  },
  {
    "id": 105,
    "name": "chair",
    "price": "35.00"
  },
  {
    "id": 106,
    "name": "laptop",
    "price": "25.00"
  },
  {
    "id": 107,
    "name": "cpu",
    "price": "15.00"
  },
  {
    "id": 108,
    "name": "wireless mouse",
    "price": "12.00"
  },
  {
    "id": 109,
    "name": "fan",
    "price": "45.00"
  },
  {
    "id": 110,
    "name": "Laptop",
    "price": "60.25"
  },
  {
    "id": 111,
    "name": "chair",
    "price": "35.00"
  },
  {
    "id": 112,
    "name": "laptop",
    "price": "25.00"
  },
  {
    "id": 113,
    "name": "cpu",
    "price": "15.00"
  },
  {
    "id": 114,
    "name": "wireless mouse",
    "price": "12.00"
  },
  {
    "id": 115,
    "name": "fan",
    "price": "45.00"
  },
  {
    "id": 116,
    "name": "Laptop",
    "price": "60.25"
  },
  {
    "id": 117,
    "name": "chair",
    "price": "35.00"
  },
  {
    "id": 118,
    "name": "laptop",
    "price": "25.00"
  },
  {
    "id": 119,
    "name": "cpu",
    "price": "15.00"
  },
  {
    "id": 120,
    "name": "wireless mouse",
    "price": "12.00"
  },
  {
    "id": 121,
    "name": "fan",
    "price": "45.00"
  },
  {
    "id": 122,
    "name": "Laptop",
    "price": "60.25"
  },
  {
    "id": 123,
    "name": "chair",
    "price": "35.00"
  },
  {
    "id": 124,
    "name": "laptop",
    "price": "25.00"
  },
  {
    "id": 125,
    "name": "cpu",
    "price": "15.00"
  },
  {
    "id": 126,
    "name": "wireless mouse",
    "price": "12.00"
  },
  {
    "id": 127,
    "name": "fan",
    "price": "45.00"
  },
  {
    "id": 128,
    "name": "Laptop",
    "price": "60.25"
  }
]

16:22:26.783 [main] INFO  com.intuit.karate - [print] the value of code is: 30 
16:22:26.785 [main] DEBUG com.intuit.karate - request:
2 > DELETE http://localhost:5000/v1/product/30
2 > Host: localhost:5000
2 > Connection: Keep-Alive
2 > User-Agent: Apache-HttpClient/4.5.13 (Java/11.0.8)
2 > Accept-Encoding: gzip,deflate


16:22:26.833 [main] DEBUG com.intuit.karate - response time in milliseconds: 47
2 < 204
2 < Connection: close
2 < Content-Type: application/json
2 < Date: Sun, 24 Oct 2021 15:22:26 GMT
2 < Server: waitress

16:22:26.838 [main] INFO  com.intuit.karate - karate.env system property was: null 
16:22:26.845 [main] DEBUG com.intuit.karate - request:
1 > DELETE http://localhost:5000/v1/product/35
1 > Host: localhost:5000
1 > Connection: Keep-Alive
1 > User-Agent: Apache-HttpClient/4.5.13 (Java/11.0.8)
1 > Accept-Encoding: gzip,deflate


16:22:26.866 [main] DEBUG com.intuit.karate - response time in milliseconds: 20
1 < 404
1 < Content-Length: 205
1 < Content-Type: application/problem+json
1 < Date: Sun, 24 Oct 2021 15:22:26 GMT
1 < Server: waitress
{
  "detail": "The requested URL was not found on the server. If you entered the URL manually please check your spelling and try again.",
  "status": 404,
  "title": "Not Found",
  "type": "about:blank"
}

16:22:26.871 [main] INFO  com.intuit.karate - karate.env system property was: null 
16:22:26.876 [main] DEBUG com.intuit.karate - request:
1 > DELETE http://localhost:5000/v1/product/40a
1 > Host: localhost:5000
1 > Connection: Keep-Alive
1 > User-Agent: Apache-HttpClient/4.5.13 (Java/11.0.8)
1 > Accept-Encoding: gzip,deflate


16:22:26.889 [main] DEBUG com.intuit.karate - response time in milliseconds: 12
1 < 404
1 < Content-Length: 205
1 < Content-Type: application/problem+json
1 < Date: Sun, 24 Oct 2021 15:22:26 GMT
1 < Server: waitress
{
  "detail": "The requested URL was not found on the server. If you entered the URL manually please check your spelling and try again.",
  "status": 404,
  "title": "Not Found",
  "type": "about:blank"
}

---------------------------------------------------------
feature: classpath:sensyne/product/Test_05deleteaproduct.feature
scenarios:  3 | passed:  3 | failed:  0 | time: 0.1418
---------------------------------------------------------

16:22:27.054 [main] INFO  com.intuit.karate.Suite - <<pass>> feature 5 of 5 (0 remaining) classpath:sensyne/product/Test_05deleteaproduct.feature
16:22:27.057 [main] DEBUG com.intuit.karate.Suite - waiting for 5 features to complete
Karate version: 1.1.0
======================================================
elapsed:   5.21 | threads:    1 | thread time: 1.83 
features:     5 | skipped:    0 | efficiency: 0.35
scenarios:   18 | passed:    17 | failed: 1
======================================================
>>> failed features:
status code was: 204, expected: 404, response time in milliseconds: 31, url: http://localhost:5000/v1/product, response: 

classpath:sensyne/product/Test_01postproduct.feature:91
<<<

HTML report: (paste into browser to view) | Karate version: 1.1.0
file:///C:/ApiTest/myApitest/target/karate-reports/karate-summary.html
===================================================================

]]></system-out>
  </testcase>
</testsuite>